<?xml version="1.0" encoding="UTF-8"?>
<testsuite name="net.ostis.jesc.model.request.MyTests" tests="1" skipped="0" failures="0" errors="0" timestamp="2022-11-04T21:30:16" hostname="rostislav-pc" time="0.224">
  <properties/>
  <testcase name="test()" classname="net.ostis.jesc.model.request.MyTests" time="0.224"/>
  <system-out><![CDATA[]]></system-out>
  <system-err><![CDATA[]]></system-err>
</testsuite>
